<?xml version="1.0" encoding="UTF-8"?>
<!-- Generated by org.testng.reporters.JUnitReportReporter -->
<testsuite skipped="0" hostname="fb1605ef05d2" name="ZainsTest" tests="2" failures="0" timestamp="2018-09-18T15:39:25 UTC" time="2.350" errors="0">
  <testcase name="workingTest" time="0.009" classname="ZainsTest"/>
  <testcase name="zainsTest1" time="2.341" classname="ZainsTest"/>
</testsuite> <!-- ZainsTest -->
